<?xml version="1.0" encoding="UTF-8"?>
<!-- Generated by org.testng.reporters.JUnitReportReporter -->
<testsuite hostname="LAPTOP-TT023QHN" failures="0" tests="1" name="germanyiscalling.AssesmentGIC.Assesment" time="3.935" errors="0" timestamp="2024-09-10T15:57:06 IST" skipped="0">
  <testcase classname="germanyiscalling.AssesmentGIC.Assesment" name="successful_login" time="3.935"/>
</testsuite> <!-- germanyiscalling.AssesmentGIC.Assesment -->
