<?xml version="1.0" encoding="UTF-8"?>
<!-- Generated by org.testng.reporters.JUnitReportReporter -->
<testsuite hostname="LAPTOP-TT023QHN" failures="0" tests="1" name="germanyiscalling.AssesmentGIC.UnscessfulLoginSc2" time="2.674" errors="0" timestamp="2024-09-10T17:04:37 IST" skipped="0">
  <testcase classname="germanyiscalling.AssesmentGIC.UnscessfulLoginSc2" name="validemailinvalidps" time="2.674"/>
</testsuite> <!-- germanyiscalling.AssesmentGIC.UnscessfulLoginSc2 -->
