<?xml version="1.0" encoding="UTF-8"?>
<!-- Generated by org.testng.reporters.JUnitReportReporter -->
<testsuite hostname="LAPTOP-TT023QHN" failures="0" tests="1" name="germanyiscalling.AssesmentGIC.SuccessfulLogin" time="3.120" errors="0" timestamp="2024-09-10T17:04:37 IST" skipped="0">
  <testcase classname="germanyiscalling.AssesmentGIC.SuccessfulLogin" name="successful_login" time="3.120"/>
</testsuite> <!-- germanyiscalling.AssesmentGIC.SuccessfulLogin -->
