<?xml version="1.0" encoding="UTF-8"?>
<!-- Generated by org.testng.reporters.JUnitReportReporter -->
<testsuite hostname="LAPTOP-TT023QHN" failures="0" tests="1" name="germanyiscalling.AssesmentGIC.UnscessfulLoginsc4" time="1.915" errors="0" timestamp="2024-09-10T17:04:37 IST" skipped="0">
  <testcase classname="germanyiscalling.AssesmentGIC.UnscessfulLoginsc4" name="emptyfield" time="1.915"/>
</testsuite> <!-- germanyiscalling.AssesmentGIC.UnscessfulLoginsc4 -->
